2020-05-29 19:54:42 TRACE SnackHibernate:44 - Getting snack with id 1
2020-05-29 19:54:42 DEBUG logging:44 - Logging Provider: org.jboss.logging.Log4jLoggerProvider
2020-05-29 19:54:42 INFO  Version:44 - HHH000412: Hibernate ORM core version 5.4.16.Final
2020-05-29 19:54:43 INFO  Version:49 - HCANN000001: Hibernate Commons Annotations {5.1.0.Final}
2020-05-29 19:54:44 WARN  pooling:72 - HHH10001002: Using Hibernate built-in connection pool (not for production use!)
2020-05-29 19:54:44 INFO  pooling:115 - HHH10001005: using driver [oracle.jdbc.driver.OracleDriver] at URL [jdbc:oracle:thin:@rev2004.cvuojc8pwavn.us-east-2.rds.amazonaws.com:1521:ORCL]
2020-05-29 19:54:44 INFO  pooling:124 - HHH10001001: Connection properties: {user=vendingmachine, password=****}
2020-05-29 19:54:44 INFO  pooling:129 - HHH10001003: Autocommit mode: false
2020-05-29 19:54:44 INFO  DriverManagerConnectionProviderImpl:249 - HHH000115: Hibernate connection pool size: 20 (min=1)
2020-05-29 19:54:46 INFO  Dialect:172 - HHH000400: Using dialect: org.hibernate.dialect.Oracle10gDialect
2020-05-29 19:54:49 INFO  JtaPlatformInitiator:52 - HHH000490: Using JtaPlatform implementation: [org.hibernate.engine.transaction.jta.platform.internal.NoJtaPlatform]
2020-05-29 19:54:49 TRACE SnackHibernate:49 - Got snack.
2020-05-29 19:54:49 TRACE SnackHibernate:21 - Adding new snack
2020-05-29 19:54:50 TRACE SnackHibernate:29 - Added snack successfully. Assigned id: 2
2020-05-29 19:54:50 TRACE SnackHibernate:44 - Getting snack with id 2
2020-05-29 19:54:50 TRACE SnackHibernate:49 - Got snack.
2020-05-29 19:56:08 TRACE SnackHibernate:21 - Adding new snack
2020-05-29 19:56:08 DEBUG logging:44 - Logging Provider: org.jboss.logging.Log4jLoggerProvider
2020-05-29 19:56:09 INFO  Version:44 - HHH000412: Hibernate ORM core version 5.4.16.Final
2020-05-29 19:56:10 INFO  Version:49 - HCANN000001: Hibernate Commons Annotations {5.1.0.Final}
2020-05-29 19:56:10 WARN  pooling:72 - HHH10001002: Using Hibernate built-in connection pool (not for production use!)
2020-05-29 19:56:11 INFO  pooling:115 - HHH10001005: using driver [oracle.jdbc.driver.OracleDriver] at URL [jdbc:oracle:thin:@rev2004.cvuojc8pwavn.us-east-2.rds.amazonaws.com:1521:ORCL]
2020-05-29 19:56:11 INFO  pooling:124 - HHH10001001: Connection properties: {user=vendingmachine, password=****}
2020-05-29 19:56:11 INFO  pooling:129 - HHH10001003: Autocommit mode: false
2020-05-29 19:56:11 INFO  DriverManagerConnectionProviderImpl:249 - HHH000115: Hibernate connection pool size: 20 (min=1)
2020-05-29 19:56:12 INFO  Dialect:172 - HHH000400: Using dialect: org.hibernate.dialect.Oracle10gDialect
2020-05-29 19:56:16 INFO  JtaPlatformInitiator:52 - HHH000490: Using JtaPlatform implementation: [org.hibernate.engine.transaction.jta.platform.internal.NoJtaPlatform]
2020-05-29 19:56:16 TRACE SnackHibernate:29 - Added snack successfully. Assigned id: 3
2020-05-29 19:56:16 TRACE SnackHibernate:44 - Getting snack with id 3
2020-05-29 19:56:16 TRACE SnackHibernate:49 - Got snack.
2020-05-29 19:56:16 TRACE SnackHibernate:44 - Getting snack with id 1
2020-05-29 19:56:16 TRACE SnackHibernate:49 - Got snack.
2020-05-29 19:59:05 TRACE SnackHibernate:21 - Adding new snack
2020-05-29 19:59:05 DEBUG logging:44 - Logging Provider: org.jboss.logging.Log4jLoggerProvider
2020-05-29 19:59:05 INFO  Version:44 - HHH000412: Hibernate ORM core version 5.4.16.Final
2020-05-29 19:59:06 INFO  Version:49 - HCANN000001: Hibernate Commons Annotations {5.1.0.Final}
2020-05-29 19:59:07 WARN  pooling:72 - HHH10001002: Using Hibernate built-in connection pool (not for production use!)
2020-05-29 19:59:07 INFO  pooling:115 - HHH10001005: using driver [oracle.jdbc.driver.OracleDriver] at URL [jdbc:oracle:thin:@rev2004.cvuojc8pwavn.us-east-2.rds.amazonaws.com:1521:ORCL]
2020-05-29 19:59:07 INFO  pooling:124 - HHH10001001: Connection properties: {user=vendingmachine, password=****}
2020-05-29 19:59:07 INFO  pooling:129 - HHH10001003: Autocommit mode: false
2020-05-29 19:59:07 INFO  DriverManagerConnectionProviderImpl:249 - HHH000115: Hibernate connection pool size: 20 (min=1)
2020-05-29 19:59:09 INFO  Dialect:172 - HHH000400: Using dialect: org.hibernate.dialect.Oracle10gDialect
2020-05-29 19:59:12 INFO  JtaPlatformInitiator:52 - HHH000490: Using JtaPlatform implementation: [org.hibernate.engine.transaction.jta.platform.internal.NoJtaPlatform]
2020-05-29 19:59:12 TRACE SnackHibernate:29 - Added snack successfully. Assigned id: 1
2020-05-29 19:59:12 TRACE SnackHibernate:21 - Adding new snack
2020-05-29 19:59:13 TRACE SnackHibernate:29 - Added snack successfully. Assigned id: 2
2020-05-29 19:59:13 TRACE SnackHibernate:44 - Getting snack with id 2
2020-05-29 19:59:13 TRACE SnackHibernate:49 - Got snack.
2020-05-29 19:59:13 TRACE SnackHibernate:21 - Adding new snack
2020-05-29 19:59:13 TRACE SnackHibernate:29 - Added snack successfully. Assigned id: 3
2020-05-29 19:59:13 TRACE SnackHibernate:44 - Getting snack with id 1
2020-05-29 19:59:13 TRACE SnackHibernate:49 - Got snack.
